  Deck.cpp
c:\users\jason\onedrive - haute ecole louvain en hainaut\projet carte\groupe10\projetcarte\projetcarte\game_board.h(14): error C2653: 'Const_var' : n'est pas un nom de classe ni d'espace de noms
c:\users\jason\onedrive - haute ecole louvain en hainaut\projet carte\groupe10\projetcarte\projetcarte\game_board.h(14): error C2065: 'nmbr_cards_in_Rows' : identificateur non déclaré
c:\users\jason\onedrive - haute ecole louvain en hainaut\projet carte\groupe10\projetcarte\projetcarte\game_board.h(24): error C2653: 'Const_var' : n'est pas un nom de classe ni d'espace de noms
c:\users\jason\onedrive - haute ecole louvain en hainaut\projet carte\groupe10\projetcarte\projetcarte\game_board.h(24): error C2065: 'nmbr_Rows' : identificateur non déclaré
c:\users\jason\onedrive - haute ecole louvain en hainaut\projet carte\groupe10\projetcarte\projetcarte\game.h(22): error C2061: erreur de syntaxe : identificateur 'Player'
c:\users\jason\onedrive - haute ecole louvain en hainaut\projet carte\groupe10\projetcarte\projetcarte\game.h(28): error C2061: erreur de syntaxe : identificateur 'Player'
c:\users\jason\onedrive - haute ecole louvain en hainaut\projet carte\groupe10\projetcarte\projetcarte\game.h(31): error C2061: erreur de syntaxe : identificateur 'Deck'
c:\users\jason\onedrive - haute ecole louvain en hainaut\projet carte\groupe10\projetcarte\projetcarte\game.h(32): error C2061: erreur de syntaxe : identificateur 'Player'
c:\users\jason\onedrive - haute ecole louvain en hainaut\projet carte\groupe10\projetcarte\projetcarte\game.h(45): warning C4091: 'static ' : ignoré à gauche de 'Const_var' quand aucune variable n'est déclarée
c:\users\jason\onedrive - haute ecole louvain en hainaut\projet carte\groupe10\projetcarte\projetcarte\deck.cpp(63): warning C4244: 'argument' : conversion de 'time_t' en 'unsigned int', perte possible de données
  Game.cpp
c:\users\jason\onedrive - haute ecole louvain en hainaut\projet carte\groupe10\projetcarte\projetcarte\player.h(13): error C2653: 'Const_var' : n'est pas un nom de classe ni d'espace de noms
c:\users\jason\onedrive - haute ecole louvain en hainaut\projet carte\groupe10\projetcarte\projetcarte\player.h(13): error C2065: 'nmbr_cards_in_Hand' : identificateur non déclaré
c:\users\jason\onedrive - haute ecole louvain en hainaut\projet carte\groupe10\projetcarte\projetcarte\game_board.h(14): error C2653: 'Const_var' : n'est pas un nom de classe ni d'espace de noms
c:\users\jason\onedrive - haute ecole louvain en hainaut\projet carte\groupe10\projetcarte\projetcarte\game_board.h(14): error C2065: 'nmbr_cards_in_Rows' : identificateur non déclaré
c:\users\jason\onedrive - haute ecole louvain en hainaut\projet carte\groupe10\projetcarte\projetcarte\game_board.h(24): error C2653: 'Const_var' : n'est pas un nom de classe ni d'espace de noms
c:\users\jason\onedrive - haute ecole louvain en hainaut\projet carte\groupe10\projetcarte\projetcarte\game_board.h(24): error C2065: 'nmbr_Rows' : identificateur non déclaré
c:\users\jason\onedrive - haute ecole louvain en hainaut\projet carte\groupe10\projetcarte\projetcarte\deck.h(9): error C2653: 'Const_var' : n'est pas un nom de classe ni d'espace de noms
c:\users\jason\onedrive - haute ecole louvain en hainaut\projet carte\groupe10\projetcarte\projetcarte\deck.h(9): error C2065: 'nmbr_deck_cards' : identificateur non déclaré
c:\users\jason\onedrive - haute ecole louvain en hainaut\projet carte\groupe10\projetcarte\projetcarte\game.h(45): warning C4091: 'static ' : ignoré à gauche de 'Const_var' quand aucune variable n'est déclarée
c:\users\jason\onedrive - haute ecole louvain en hainaut\projet carte\groupe10\projetcarte\projetcarte\game.cpp(24): error C2065: 'number_Gamer' : identificateur non déclaré
c:\users\jason\onedrive - haute ecole louvain en hainaut\projet carte\groupe10\projetcarte\projetcarte\game.cpp(126): warning C4244: 'argument' : conversion de 'time_t' en 'unsigned int', perte possible de données
  Game_Board.cpp
c:\users\jason\onedrive - haute ecole louvain en hainaut\projet carte\groupe10\projetcarte\projetcarte\deck.h(9): error C2653: 'Const_var' : n'est pas un nom de classe ni d'espace de noms
c:\users\jason\onedrive - haute ecole louvain en hainaut\projet carte\groupe10\projetcarte\projetcarte\deck.h(9): error C2065: 'nmbr_deck_cards' : identificateur non déclaré
c:\users\jason\onedrive - haute ecole louvain en hainaut\projet carte\groupe10\projetcarte\projetcarte\deck.h(16): error C2061: erreur de syntaxe : identificateur 'Player'
c:\users\jason\onedrive - haute ecole louvain en hainaut\projet carte\groupe10\projetcarte\projetcarte\deck.h(17): error C2653: 'Game_Board' : n'est pas un nom de classe ni d'espace de noms
c:\users\jason\onedrive - haute ecole louvain en hainaut\projet carte\groupe10\projetcarte\projetcarte\deck.h(17): error C2061: erreur de syntaxe : identificateur 'Row'
c:\users\jason\onedrive - haute ecole louvain en hainaut\projet carte\groupe10\projetcarte\projetcarte\game.h(22): error C2061: erreur de syntaxe : identificateur 'Player'
c:\users\jason\onedrive - haute ecole louvain en hainaut\projet carte\groupe10\projetcarte\projetcarte\game.h(28): error C2061: erreur de syntaxe : identificateur 'Player'
c:\users\jason\onedrive - haute ecole louvain en hainaut\projet carte\groupe10\projetcarte\projetcarte\game.h(32): error C2061: erreur de syntaxe : identificateur 'Player'
c:\users\jason\onedrive - haute ecole louvain en hainaut\projet carte\groupe10\projetcarte\projetcarte\game.h(33): error C2061: erreur de syntaxe : identificateur 'Game_Board'
c:\users\jason\onedrive - haute ecole louvain en hainaut\projet carte\groupe10\projetcarte\projetcarte\game.h(45): warning C4091: 'static ' : ignoré à gauche de 'Const_var' quand aucune variable n'est déclarée
  Player.cpp
c:\users\jason\onedrive - haute ecole louvain en hainaut\projet carte\groupe10\projetcarte\projetcarte\game_board.h(14): error C2653: 'Const_var' : n'est pas un nom de classe ni d'espace de noms
c:\users\jason\onedrive - haute ecole louvain en hainaut\projet carte\groupe10\projetcarte\projetcarte\game_board.h(14): error C2065: 'nmbr_cards_in_Rows' : identificateur non déclaré
c:\users\jason\onedrive - haute ecole louvain en hainaut\projet carte\groupe10\projetcarte\projetcarte\game_board.h(24): error C2653: 'Const_var' : n'est pas un nom de classe ni d'espace de noms
c:\users\jason\onedrive - haute ecole louvain en hainaut\projet carte\groupe10\projetcarte\projetcarte\game_board.h(24): error C2065: 'nmbr_Rows' : identificateur non déclaré
c:\users\jason\onedrive - haute ecole louvain en hainaut\projet carte\groupe10\projetcarte\projetcarte\deck.h(9): error C2653: 'Const_var' : n'est pas un nom de classe ni d'espace de noms
c:\users\jason\onedrive - haute ecole louvain en hainaut\projet carte\groupe10\projetcarte\projetcarte\deck.h(9): error C2065: 'nmbr_deck_cards' : identificateur non déclaré
c:\users\jason\onedrive - haute ecole louvain en hainaut\projet carte\groupe10\projetcarte\projetcarte\deck.h(16): error C2061: erreur de syntaxe : identificateur 'Player'
c:\users\jason\onedrive - haute ecole louvain en hainaut\projet carte\groupe10\projetcarte\projetcarte\game.h(22): error C2061: erreur de syntaxe : identificateur 'Player'
c:\users\jason\onedrive - haute ecole louvain en hainaut\projet carte\groupe10\projetcarte\projetcarte\game.h(28): error C2061: erreur de syntaxe : identificateur 'Player'
c:\users\jason\onedrive - haute ecole louvain en hainaut\projet carte\groupe10\projetcarte\projetcarte\game.h(32): error C2061: erreur de syntaxe : identificateur 'Player'
c:\users\jason\onedrive - haute ecole louvain en hainaut\projet carte\groupe10\projetcarte\projetcarte\game.h(45): warning C4091: 'static ' : ignoré à gauche de 'Const_var' quand aucune variable n'est déclarée
c:\users\jason\onedrive - haute ecole louvain en hainaut\projet carte\groupe10\projetcarte\projetcarte\player.cpp(38): warning C4244: 'argument' : conversion de 'time_t' en 'unsigned int', perte possible de données
  Projet_Carte.cpp
c:\users\jason\onedrive - haute ecole louvain en hainaut\projet carte\groupe10\projetcarte\projetcarte\game_board.h(14): error C2653: 'Const_var' : n'est pas un nom de classe ni d'espace de noms
c:\users\jason\onedrive - haute ecole louvain en hainaut\projet carte\groupe10\projetcarte\projetcarte\game_board.h(14): error C2065: 'nmbr_cards_in_Rows' : identificateur non déclaré
c:\users\jason\onedrive - haute ecole louvain en hainaut\projet carte\groupe10\projetcarte\projetcarte\game_board.h(24): error C2653: 'Const_var' : n'est pas un nom de classe ni d'espace de noms
c:\users\jason\onedrive - haute ecole louvain en hainaut\projet carte\groupe10\projetcarte\projetcarte\game_board.h(24): error C2065: 'nmbr_Rows' : identificateur non déclaré
c:\users\jason\onedrive - haute ecole louvain en hainaut\projet carte\groupe10\projetcarte\projetcarte\game.h(22): error C2061: erreur de syntaxe : identificateur 'Player'
c:\users\jason\onedrive - haute ecole louvain en hainaut\projet carte\groupe10\projetcarte\projetcarte\game.h(28): error C2061: erreur de syntaxe : identificateur 'Player'
c:\users\jason\onedrive - haute ecole louvain en hainaut\projet carte\groupe10\projetcarte\projetcarte\game.h(31): error C2061: erreur de syntaxe : identificateur 'Deck'
c:\users\jason\onedrive - haute ecole louvain en hainaut\projet carte\groupe10\projetcarte\projetcarte\game.h(32): error C2061: erreur de syntaxe : identificateur 'Player'
c:\users\jason\onedrive - haute ecole louvain en hainaut\projet carte\groupe10\projetcarte\projetcarte\game.h(45): warning C4091: 'static ' : ignoré à gauche de 'Const_var' quand aucune variable n'est déclarée
c:\users\jason\onedrive - haute ecole louvain en hainaut\projet carte\groupe10\projetcarte\projetcarte\projet_carte.cpp(26): error C2661: 'Game::Game' : aucune fonction surchargée ne nécessite 3 arguments
  Génération de code en cours...
